2014-01-10 11:38:19,511 [main] INFO  c.n.h.c.p.n.NettyAsyncHttpProvider - Number of application's worked threads is 8
2014-01-10 11:38:20,158 [pool-5-thread-1] INFO  c.n.h.c.p.n.NettyAsyncHttpProvider - Number of application's worked threads is 8
2014-01-10 11:38:20,268 [main] ERROR o.e.r.i.r.repo.ModelRepositoryIndex - Failed to open search index.
org.apache.lucene.index.IndexNotFoundException: no segments* file found in org.apache.lucene.store.MMapDirectory@E:\Testing eclipse\.metadata\.plugins\org.eclipse.recommenders.rcp\index lockFactory=org.apache.lucene.store.NativeFSLockFactory@228dad09: files: []
	at org.apache.lucene.index.SegmentInfos$FindSegmentsFile.run(SegmentInfos.java:712) ~[org.apache.lucene.core_3.5.0.v20120725-1805.jar:3.5.0 1204988 - simon - 2011-11-22 14:46:51]
	at org.apache.lucene.index.DirectoryReader.open(DirectoryReader.java:75) ~[org.apache.lucene.core_3.5.0.v20120725-1805.jar:3.5.0 1204988 - simon - 2011-11-22 14:46:51]
	at org.apache.lucene.index.IndexReader.open(IndexReader.java:462) ~[org.apache.lucene.core_3.5.0.v20120725-1805.jar:3.5.0 1204988 - simon - 2011-11-22 14:46:51]
	at org.apache.lucene.index.IndexReader.open(IndexReader.java:308) ~[org.apache.lucene.core_3.5.0.v20120725-1805.jar:3.5.0 1204988 - simon - 2011-11-22 14:46:51]
	at org.eclipse.recommenders.internal.rcp.repo.ModelRepositoryIndex.open(ModelRepositoryIndex.java:64) ~[org.eclipse.recommenders.rcp_1.0.5.v20130822-0858-b90.jar:na]
	at org.eclipse.recommenders.internal.rcp.wiring.RecommendersModule$ServicesInitializer.<init>(RecommendersModule.java:377) [org.eclipse.recommenders.rcp_1.0.5.v20130822-0858-b90.jar:na]
	at sun.reflect.NativeConstructorAccessorImpl.newInstance0(Native Method) [na:1.7.0_45]
	at sun.reflect.NativeConstructorAccessorImpl.newInstance(Unknown Source) [na:1.7.0_45]
	at sun.reflect.DelegatingConstructorAccessorImpl.newInstance(Unknown Source) [na:1.7.0_45]
	at java.lang.reflect.Constructor.newInstance(Unknown Source) [na:1.7.0_45]
	at com.google.inject.internal.DefaultConstructionProxyFactory$1.newInstance(DefaultConstructionProxyFactory.java:85) [com.google.inject_3.0.0.v201203062045.jar:na]
	at com.google.inject.internal.ConstructorInjector.construct(ConstructorInjector.java:85) [com.google.inject_3.0.0.v201203062045.jar:na]
	at com.google.inject.internal.ConstructorBindingImpl$Factory.get(ConstructorBindingImpl.java:254) [com.google.inject_3.0.0.v201203062045.jar:na]
	at com.google.inject.internal.ProviderToInternalFactoryAdapter$1.call(ProviderToInternalFactoryAdapter.java:46) [com.google.inject_3.0.0.v201203062045.jar:na]
	at com.google.inject.internal.InjectorImpl.callInContext(InjectorImpl.java:1031) [com.google.inject_3.0.0.v201203062045.jar:na]
	at com.google.inject.internal.ProviderToInternalFactoryAdapter.get(ProviderToInternalFactoryAdapter.java:40) [com.google.inject_3.0.0.v201203062045.jar:na]
	at com.google.inject.Scopes$1$1.get(Scopes.java:65) [com.google.inject_3.0.0.v201203062045.jar:na]
	at com.google.inject.internal.InternalFactoryToProviderAdapter.get(InternalFactoryToProviderAdapter.java:40) [com.google.inject_3.0.0.v201203062045.jar:na]
	at com.google.inject.internal.InternalInjectorCreator$1.call(InternalInjectorCreator.java:204) [com.google.inject_3.0.0.v201203062045.jar:na]
	at com.google.inject.internal.InternalInjectorCreator$1.call(InternalInjectorCreator.java:198) [com.google.inject_3.0.0.v201203062045.jar:na]
	at com.google.inject.internal.InjectorImpl.callInContext(InjectorImpl.java:1024) [com.google.inject_3.0.0.v201203062045.jar:na]
	at com.google.inject.internal.InternalInjectorCreator.loadEagerSingletons(InternalInjectorCreator.java:198) [com.google.inject_3.0.0.v201203062045.jar:na]
	at com.google.inject.internal.InternalInjectorCreator.injectDynamically(InternalInjectorCreator.java:179) [com.google.inject_3.0.0.v201203062045.jar:na]
	at com.google.inject.internal.InternalInjectorCreator.build(InternalInjectorCreator.java:109) [com.google.inject_3.0.0.v201203062045.jar:na]
	at com.google.inject.Guice.createInjector(Guice.java:95) [com.google.inject_3.0.0.v201203062045.jar:na]
	at com.google.inject.Guice.createInjector(Guice.java:72) [com.google.inject_3.0.0.v201203062045.jar:na]
	at org.eclipse.recommenders.injection.InjectionService.getInjector(InjectionService.java:47) [org.eclipse.recommenders.injection_1.0.5.v20130822-0858-b90.jar:na]
	at org.eclipse.recommenders.injection.ExtensionFactory.<init>(ExtensionFactory.java:28) [org.eclipse.recommenders.injection_1.0.5.v20130822-0858-b90.jar:na]
	at sun.reflect.NativeConstructorAccessorImpl.newInstance0(Native Method) [na:1.7.0_45]
	at sun.reflect.NativeConstructorAccessorImpl.newInstance(Unknown Source) [na:1.7.0_45]
	at sun.reflect.DelegatingConstructorAccessorImpl.newInstance(Unknown Source) [na:1.7.0_45]
	at java.lang.reflect.Constructor.newInstance(Unknown Source) [na:1.7.0_45]
	at java.lang.Class.newInstance(Unknown Source) [na:1.7.0_45]
	at org.eclipse.core.internal.registry.osgi.RegistryStrategyOSGI.createExecutableExtension(RegistryStrategyOSGI.java:184) [org.eclipse.equinox.registry_3.5.301.v20130717-1549.jar:na]
	at org.eclipse.core.internal.registry.ExtensionRegistry.createExecutableExtension(ExtensionRegistry.java:905) [org.eclipse.equinox.registry_3.5.301.v20130717-1549.jar:na]
	at org.eclipse.core.internal.registry.ConfigurationElement.createExecutableExtension(ConfigurationElement.java:243) [org.eclipse.equinox.registry_3.5.301.v20130717-1549.jar:na]
	at org.eclipse.core.internal.registry.ConfigurationElementHandle.createExecutableExtension(ConfigurationElementHandle.java:55) [org.eclipse.equinox.registry_3.5.301.v20130717-1549.jar:na]
	at org.eclipse.jdt.internal.ui.text.java.CompletionProposalComputerDescriptor.createComputer(CompletionProposalComputerDescriptor.java:308) [org.eclipse.jdt.ui_3.9.1.v20130820-1427.jar:na]
	at org.eclipse.jdt.internal.ui.text.java.CompletionProposalComputerDescriptor.getComputer(CompletionProposalComputerDescriptor.java:275) [org.eclipse.jdt.ui_3.9.1.v20130820-1427.jar:na]
	at org.eclipse.jdt.internal.ui.text.java.CompletionProposalComputerDescriptor.sessionStarted(CompletionProposalComputerDescriptor.java:418) [org.eclipse.jdt.ui_3.9.1.v20130820-1427.jar:na]
	at org.eclipse.jdt.internal.ui.text.java.CompletionProposalCategory.sessionStarted(CompletionProposalCategory.java:384) [org.eclipse.jdt.ui_3.9.1.v20130820-1427.jar:na]
	at org.eclipse.jdt.internal.ui.text.java.ContentAssistProcessor$CompletionListener.assistSessionStarted(ContentAssistProcessor.java:119) [org.eclipse.jdt.ui_3.9.1.v20130820-1427.jar:na]
	at org.eclipse.jface.text.contentassist.ContentAssistant.fireSessionBeginEvent(ContentAssistant.java:2221) [org.eclipse.jface.text_3.8.101.v20130802-1147.jar:na]
	at org.eclipse.jface.text.contentassist.ContentAssistant.prepareToShowCompletions(ContentAssistant.java:1696) [org.eclipse.jface.text_3.8.101.v20130802-1147.jar:na]
	at org.eclipse.jface.text.contentassist.ContentAssistant.access$6(ContentAssistant.java:1687) [org.eclipse.jface.text_3.8.101.v20130802-1147.jar:na]
	at org.eclipse.jface.text.contentassist.ContentAssistant$2.run(ContentAssistant.java:376) [org.eclipse.jface.text_3.8.101.v20130802-1147.jar:na]
	at org.eclipse.swt.widgets.RunnableLock.run(RunnableLock.java:35) [org.eclipse.swt.win32.win32.x86_64_3.102.1.v20130827-2048.jar:na]
	at org.eclipse.swt.widgets.Synchronizer.runAsyncMessages(Synchronizer.java:135) [org.eclipse.swt.win32.win32.x86_64_3.102.1.v20130827-2048.jar:na]
	at org.eclipse.swt.widgets.Display.runAsyncMessages(Display.java:4145) [org.eclipse.swt.win32.win32.x86_64_3.102.1.v20130827-2048.jar:na]
	at org.eclipse.swt.widgets.Display.readAndDispatch(Display.java:3762) [org.eclipse.swt.win32.win32.x86_64_3.102.1.v20130827-2048.jar:na]
	at org.eclipse.e4.ui.internal.workbench.swt.PartRenderingEngine$9.run(PartRenderingEngine.java:1113) [org.eclipse.e4.ui.workbench.swt_0.12.1.v20130815-1438.jar:na]
	at org.eclipse.core.databinding.observable.Realm.runWithDefault(Realm.java:332) [org.eclipse.core.databinding.observable_1.4.1.v20130515-1857.jar:na]
	at org.eclipse.e4.ui.internal.workbench.swt.PartRenderingEngine.run(PartRenderingEngine.java:997) [org.eclipse.e4.ui.workbench.swt_0.12.1.v20130815-1438.jar:na]
	at org.eclipse.e4.ui.internal.workbench.E4Workbench.createAndRunUI(E4Workbench.java:138) [org.eclipse.e4.ui.workbench_1.0.1.v20130910-2014.jar:na]
	at org.eclipse.ui.internal.Workbench$5.run(Workbench.java:610) [org.eclipse.ui.workbench_3.105.1.v20130821-1411.jar:na]
	at org.eclipse.core.databinding.observable.Realm.runWithDefault(Realm.java:332) [org.eclipse.core.databinding.observable_1.4.1.v20130515-1857.jar:na]
	at org.eclipse.ui.internal.Workbench.createAndRunWorkbench(Workbench.java:567) [org.eclipse.ui.workbench_3.105.1.v20130821-1411.jar:na]
	at org.eclipse.ui.PlatformUI.createAndRunWorkbench(PlatformUI.java:150) [org.eclipse.ui.workbench_3.105.1.v20130821-1411.jar:na]
	at org.eclipse.ui.internal.ide.application.IDEApplication.start(IDEApplication.java:124) [org.eclipse.ui.ide.application_1.0.400.v20130326-1250.jar:na]
	at org.eclipse.equinox.internal.app.EclipseAppHandle.run(EclipseAppHandle.java:196) [org.eclipse.equinox.app_1.3.100.v20130327-1442.jar:na]
	at org.eclipse.core.runtime.internal.adaptor.EclipseAppLauncher.runApplication(EclipseAppLauncher.java:110) [org.eclipse.osgi_3.9.1.v20130814-1242.jar:na]
	at org.eclipse.core.runtime.internal.adaptor.EclipseAppLauncher.start(EclipseAppLauncher.java:79) [org.eclipse.osgi_3.9.1.v20130814-1242.jar:na]
	at org.eclipse.core.runtime.adaptor.EclipseStarter.run(EclipseStarter.java:354) [org.eclipse.osgi_3.9.1.v20130814-1242.jar:na]
	at org.eclipse.core.runtime.adaptor.EclipseStarter.run(EclipseStarter.java:181) [org.eclipse.osgi_3.9.1.v20130814-1242.jar:na]
	at sun.reflect.NativeMethodAccessorImpl.invoke0(Native Method) ~[na:1.7.0_45]
	at sun.reflect.NativeMethodAccessorImpl.invoke(Unknown Source) ~[na:1.7.0_45]
	at sun.reflect.DelegatingMethodAccessorImpl.invoke(Unknown Source) ~[na:1.7.0_45]
	at java.lang.reflect.Method.invoke(Unknown Source) ~[na:1.7.0_45]
	at org.eclipse.equinox.launcher.Main.invokeFramework(Main.java:636) [org.eclipse.equinox.launcher_1.3.0.v20130327-1440.jar:na]
	at org.eclipse.equinox.launcher.Main.basicRun(Main.java:591) [org.eclipse.equinox.launcher_1.3.0.v20130327-1440.jar:na]
	at org.eclipse.equinox.launcher.Main.run(Main.java:1450) [org.eclipse.equinox.launcher_1.3.0.v20130327-1440.jar:na]
	at org.eclipse.equinox.launcher.Main.main(Main.java:1426) [org.eclipse.equinox.launcher_1.3.0.v20130327-1440.jar:na]
2014-01-10 11:38:22,394 [pool-8-thread-1] INFO  c.n.h.c.p.n.NettyAsyncHttpProvider - Number of application's worked threads is 8
2014-01-10 11:38:29,191 [pool-10-thread-1] INFO  c.n.h.c.p.n.NettyAsyncHttpProvider - Number of application's worked threads is 8
2014-01-10 11:38:30,206 [pool-12-thread-1] INFO  c.n.h.c.p.n.NettyAsyncHttpProvider - Number of application's worked threads is 8
2014-01-10 11:38:31,249 [pool-14-thread-1] INFO  c.n.h.c.p.n.NettyAsyncHttpProvider - Number of application's worked threads is 8
2014-01-11 14:43:51,144 [main] INFO  c.n.h.c.p.n.NettyAsyncHttpProvider - Number of application's worked threads is 8
2014-01-11 16:01:15,511 [main] INFO  c.n.h.c.p.n.NettyAsyncHttpProvider - Number of application's worked threads is 8
2014-01-11 16:01:22,332 [Recommenders-Dependency-Info-Service-0] ERROR o.e.r.u.a.ArchiveDetailsExtractor - Error while extracting name and version from file: C:\Users\ravitejaseetha\Downloads\selendroid-standalone-0.7.0-with-dependencies.jar
java.lang.NumberFormatException: For input string: "r13"
	at java.lang.NumberFormatException.forInputString(Unknown Source) ~[na:1.7.0_45]
	at java.lang.Integer.parseInt(Unknown Source) ~[na:1.7.0_45]
	at java.lang.Integer.parseInt(Unknown Source) ~[na:1.7.0_45]
	at org.eclipse.recommenders.utils.parser.MavenVersionParser.parseInt(MavenVersionParser.java:68) ~[org.eclipse.recommenders.utils_1.0.5.v20130822-0858-b90.jar:na]
	at org.eclipse.recommenders.utils.parser.MavenVersionParser.parse(MavenVersionParser.java:40) ~[org.eclipse.recommenders.utils_1.0.5.v20130822-0858-b90.jar:na]
	at org.eclipse.recommenders.utils.archive.MavenPomJarIdExtractor.parseVersion(MavenPomJarIdExtractor.java:59) ~[org.eclipse.recommenders.utils_1.0.5.v20130822-0858-b90.jar:na]
	at org.eclipse.recommenders.utils.archive.MavenPomJarIdExtractor.extract(MavenPomJarIdExtractor.java:37) ~[org.eclipse.recommenders.utils_1.0.5.v20130822-0858-b90.jar:na]
	at org.eclipse.recommenders.utils.archive.MavenPomJarIdExtractor.extract(MavenPomJarIdExtractor.java:29) ~[org.eclipse.recommenders.utils_1.0.5.v20130822-0858-b90.jar:na]
	at org.eclipse.recommenders.utils.archive.ArchiveDetailsExtractor.extractJarIds(ArchiveDetailsExtractor.java:64) [org.eclipse.recommenders.utils_1.0.5.v20130822-0858-b90.jar:na]
	at org.eclipse.recommenders.utils.archive.ArchiveDetailsExtractor.extractName(ArchiveDetailsExtractor.java:105) [org.eclipse.recommenders.utils_1.0.5.v20130822-0858-b90.jar:na]
	at org.eclipse.recommenders.internal.rcp.providers.ClasspathEntryInfoProvider$3.run(ClasspathEntryInfoProvider.java:245) [org.eclipse.recommenders.rcp_1.0.5.v20130822-0858-b90.jar:na]
	at java.util.concurrent.Executors$RunnableAdapter.call(Unknown Source) [na:1.7.0_45]
	at java.util.concurrent.FutureTask.run(Unknown Source) [na:1.7.0_45]
	at java.util.concurrent.ThreadPoolExecutor.runWorker(Unknown Source) [na:1.7.0_45]
	at java.util.concurrent.ThreadPoolExecutor$Worker.run(Unknown Source) [na:1.7.0_45]
	at java.lang.Thread.run(Unknown Source) [na:1.7.0_45]
2014-01-16 12:18:18,803 [main] INFO  c.n.h.c.p.n.NettyAsyncHttpProvider - Number of application's worked threads is 8
2014-01-17 15:00:28,838 [main] INFO  c.n.h.c.p.n.NettyAsyncHttpProvider - Number of application's worked threads is 8
2014-01-18 11:09:28,027 [main] INFO  c.n.h.c.p.n.NettyAsyncHttpProvider - Number of application's worked threads is 8
2014-01-20 11:22:01,042 [main] INFO  c.n.h.c.p.n.NettyAsyncHttpProvider - Number of application's worked threads is 8
2014-01-21 11:49:26,638 [main] INFO  c.n.h.c.p.n.NettyAsyncHttpProvider - Number of application's worked threads is 8
2014-01-23 17:23:19,473 [main] INFO  c.n.h.c.p.n.NettyAsyncHttpProvider - Number of application's worked threads is 8
2014-01-24 16:50:47,473 [main] INFO  c.n.h.c.p.n.NettyAsyncHttpProvider - Number of application's worked threads is 8
2014-01-25 12:34:28,079 [main] INFO  c.n.h.c.p.n.NettyAsyncHttpProvider - Number of application's worked threads is 8
2014-01-27 12:11:43,057 [main] INFO  c.n.h.c.p.n.NettyAsyncHttpProvider - Number of application's worked threads is 8
2014-01-28 12:18:47,896 [main] INFO  c.n.h.c.p.n.NettyAsyncHttpProvider - Number of application's worked threads is 8
2014-05-06 11:36:33,957 [main] INFO  c.n.h.c.p.n.NettyAsyncHttpProvider - Number of application's worked threads is 8
2014-05-12 10:03:47,774 [main] INFO  c.n.h.c.p.n.NettyAsyncHttpProvider - Number of application's worked threads is 8
2014-05-13 11:06:59,083 [main] INFO  c.n.h.c.p.n.NettyAsyncHttpProvider - Number of application's worked threads is 8
2014-05-15 10:00:39,737 [main] INFO  c.n.h.c.p.n.NettyAsyncHttpProvider - Number of application's worked threads is 8
2014-05-15 10:00:41,139 [Worker-2] WARN  o.e.r.i.r.p.ClasspathEntryInfoProvider - Exception during deserialization of cached classpath infos. Discaring old state.
java.lang.RuntimeException: java.lang.RuntimeException: com.google.gson.JsonSyntaxException: java.lang.IllegalStateException: Expected BEGIN_ARRAY but was STRING at line 1 column 22715
	at org.eclipse.recommenders.utils.Throws.throwUnhandledException(Throws.java:47) ~[org.eclipse.recommenders.utils_1.0.5.v20130822-0858-b90.jar:na]
	at org.eclipse.recommenders.utils.gson.GsonUtil.deserialize(GsonUtil.java:121) ~[org.eclipse.recommenders.utils_1.0.5.v20130822-0858-b90.jar:na]
	at org.eclipse.recommenders.internal.rcp.providers.ClasspathEntryInfoProvider.initializeIndex(ClasspathEntryInfoProvider.java:118) [org.eclipse.recommenders.rcp_1.0.5.v20130822-0858-b90.jar:na]
	at org.eclipse.recommenders.internal.rcp.providers.ClasspathEntryInfoProvider.access$0(ClasspathEntryInfoProvider.java:111) [org.eclipse.recommenders.rcp_1.0.5.v20130822-0858-b90.jar:na]
	at org.eclipse.recommenders.internal.rcp.providers.ClasspathEntryInfoProvider$1.run(ClasspathEntryInfoProvider.java:104) [org.eclipse.recommenders.rcp_1.0.5.v20130822-0858-b90.jar:na]
	at org.eclipse.core.internal.jobs.Worker.run(Worker.java:53) [org.eclipse.core.jobs_3.5.300.v20130429-1813.jar:na]
Caused by: java.lang.RuntimeException: com.google.gson.JsonSyntaxException: java.lang.IllegalStateException: Expected BEGIN_ARRAY but was STRING at line 1 column 22715
	at org.eclipse.recommenders.utils.Throws.throwUnhandledException(Throws.java:47) ~[org.eclipse.recommenders.utils_1.0.5.v20130822-0858-b90.jar:na]
	at org.eclipse.recommenders.utils.gson.GsonUtil.deserialize(GsonUtil.java:107) ~[org.eclipse.recommenders.utils_1.0.5.v20130822-0858-b90.jar:na]
	at org.eclipse.recommenders.utils.gson.GsonUtil.deserialize(GsonUtil.java:119) ~[org.eclipse.recommenders.utils_1.0.5.v20130822-0858-b90.jar:na]
	... 4 common frames omitted
Caused by: com.google.gson.JsonSyntaxException: java.lang.IllegalStateException: Expected BEGIN_ARRAY but was STRING at line 1 column 22715
	at com.google.gson.Gson.fromJson(Gson.java:766) ~[com.google.gson_2.1.0.v201303041604.jar:na]
	at com.google.gson.Gson.fromJson(Gson.java:721) ~[com.google.gson_2.1.0.v201303041604.jar:na]
	at org.eclipse.recommenders.utils.gson.GsonUtil.deserialize(GsonUtil.java:105) ~[org.eclipse.recommenders.utils_1.0.5.v20130822-0858-b90.jar:na]
	... 5 common frames omitted
Caused by: java.lang.IllegalStateException: Expected BEGIN_ARRAY but was STRING at line 1 column 22715
	at com.google.gson.stream.JsonReader.expect(JsonReader.java:339) ~[com.google.gson_2.1.0.v201303041604.jar:na]
	at com.google.gson.stream.JsonReader.beginArray(JsonReader.java:306) ~[com.google.gson_2.1.0.v201303041604.jar:na]
	at com.google.gson.internal.bind.CollectionTypeAdapterFactory$Adapter.read(CollectionTypeAdapterFactory.java:79) ~[com.google.gson_2.1.0.v201303041604.jar:na]
	at com.google.gson.internal.bind.CollectionTypeAdapterFactory$Adapter.read(CollectionTypeAdapterFactory.java:60) ~[com.google.gson_2.1.0.v201303041604.jar:na]
	at com.google.gson.Gson.fromJson(Gson.java:755) ~[com.google.gson_2.1.0.v201303041604.jar:na]
	... 7 common frames omitted
2014-05-15 10:00:41,938 [main] WARN  o.e.r.i.c.r.c.w.ManualModelStoreWiring$CallModelArchiveStore - Loading mapping from 'E:\Testing eclipse\.metadata\.plugins\org.eclipse.recommenders.completion.rcp.calls\call-models-0.5.json' failed with exception.
java.lang.RuntimeException: java.lang.RuntimeException: com.google.gson.JsonSyntaxException: java.lang.IllegalStateException: Expected BEGIN_OBJECT but was STRING at line 1 column 1518
	at org.eclipse.recommenders.utils.Throws.throwUnhandledException(Throws.java:47) ~[org.eclipse.recommenders.utils_1.0.5.v20130822-0858-b90.jar:na]
	at org.eclipse.recommenders.utils.gson.GsonUtil.deserialize(GsonUtil.java:121) ~[org.eclipse.recommenders.utils_1.0.5.v20130822-0858-b90.jar:na]
	at org.eclipse.recommenders.internal.rcp.models.store.DefaultModelArchiveStore.deserializeMapping(DefaultModelArchiveStore.java:91) [org.eclipse.recommenders.rcp_1.0.5.v20130822-0858-b90.jar:na]
	at org.eclipse.recommenders.internal.rcp.models.store.DefaultModelArchiveStore.open(DefaultModelArchiveStore.java:77) [org.eclipse.recommenders.rcp_1.0.5.v20130822-0858-b90.jar:na]
	at org.eclipse.recommenders.internal.rcp.models.store.DefaultModelArchiveStore.<init>(DefaultModelArchiveStore.java:71) [org.eclipse.recommenders.rcp_1.0.5.v20130822-0858-b90.jar:na]
	at org.eclipse.recommenders.internal.completion.rcp.calls.wiring.ManualModelStoreWiring$CallModelArchiveStore.<init>(ManualModelStoreWiring.java:43) [org.eclipse.recommenders.completion.rcp.calls_1.0.5.v20130822-0858-b90.jar:na]
	at sun.reflect.NativeConstructorAccessorImpl.newInstance0(Native Method) [na:1.7.0_45]
	at sun.reflect.NativeConstructorAccessorImpl.newInstance(Unknown Source) [na:1.7.0_45]
	at sun.reflect.DelegatingConstructorAccessorImpl.newInstance(Unknown Source) [na:1.7.0_45]
	at java.lang.reflect.Constructor.newInstance(Unknown Source) [na:1.7.0_45]
	at com.google.inject.internal.DefaultConstructionProxyFactory$1.newInstance(DefaultConstructionProxyFactory.java:85) [com.google.inject_3.0.0.v201203062045.jar:na]
	at com.google.inject.internal.ConstructorInjector.construct(ConstructorInjector.java:85) [com.google.inject_3.0.0.v201203062045.jar:na]
	at com.google.inject.internal.ConstructorBindingImpl$Factory.get(ConstructorBindingImpl.java:254) [com.google.inject_3.0.0.v201203062045.jar:na]
	at com.google.inject.internal.FactoryProxy.get(FactoryProxy.java:54) [com.google.inject_3.0.0.v201203062045.jar:na]
	at com.google.inject.internal.ProviderToInternalFactoryAdapter$1.call(ProviderToInternalFactoryAdapter.java:46) [com.google.inject_3.0.0.v201203062045.jar:na]
	at com.google.inject.internal.InjectorImpl.callInContext(InjectorImpl.java:1031) [com.google.inject_3.0.0.v201203062045.jar:na]
	at com.google.inject.internal.ProviderToInternalFactoryAdapter.get(ProviderToInternalFactoryAdapter.java:40) [com.google.inject_3.0.0.v201203062045.jar:na]
	at com.google.inject.Scopes$1$1.get(Scopes.java:65) [com.google.inject_3.0.0.v201203062045.jar:na]
	at com.google.inject.internal.InternalFactoryToProviderAdapter.get(InternalFactoryToProviderAdapter.java:40) [com.google.inject_3.0.0.v201203062045.jar:na]
	at com.google.inject.internal.SingleParameterInjector.inject(SingleParameterInjector.java:38) [com.google.inject_3.0.0.v201203062045.jar:na]
	at com.google.inject.internal.SingleParameterInjector.getAll(SingleParameterInjector.java:62) [com.google.inject_3.0.0.v201203062045.jar:na]
	at com.google.inject.internal.ConstructorInjector.construct(ConstructorInjector.java:84) [com.google.inject_3.0.0.v201203062045.jar:na]
	at com.google.inject.internal.ConstructorBindingImpl$Factory.get(ConstructorBindingImpl.java:254) [com.google.inject_3.0.0.v201203062045.jar:na]
	at com.google.inject.internal.InjectorImpl$4$1.call(InjectorImpl.java:978) [com.google.inject_3.0.0.v201203062045.jar:na]
	at com.google.inject.internal.InjectorImpl.callInContext(InjectorImpl.java:1024) [com.google.inject_3.0.0.v201203062045.jar:na]
	at com.google.inject.internal.InjectorImpl$4.get(InjectorImpl.java:974) [com.google.inject_3.0.0.v201203062045.jar:na]
	at com.google.inject.internal.InjectorImpl.getInstance(InjectorImpl.java:1013) [com.google.inject_3.0.0.v201203062045.jar:na]
	at org.eclipse.recommenders.injection.ExtensionFactory.loadExtension(ExtensionFactory.java:50) [org.eclipse.recommenders.injection_1.0.5.v20130822-0858-b90.jar:na]
	at org.eclipse.recommenders.injection.ExtensionFactory.create(ExtensionFactory.java:42) [org.eclipse.recommenders.injection_1.0.5.v20130822-0858-b90.jar:na]
	at org.eclipse.core.internal.registry.ConfigurationElement.createExecutableExtension(ConfigurationElement.java:262) [org.eclipse.equinox.registry_3.5.301.v20130717-1549.jar:na]
	at org.eclipse.core.internal.registry.ConfigurationElementHandle.createExecutableExtension(ConfigurationElementHandle.java:55) [org.eclipse.equinox.registry_3.5.301.v20130717-1549.jar:na]
	at org.eclipse.jdt.internal.ui.text.java.CompletionProposalComputerDescriptor.createComputer(CompletionProposalComputerDescriptor.java:308) [org.eclipse.jdt.ui_3.9.1.v20130820-1427.jar:na]
	at org.eclipse.jdt.internal.ui.text.java.CompletionProposalComputerDescriptor.getComputer(CompletionProposalComputerDescriptor.java:275) [org.eclipse.jdt.ui_3.9.1.v20130820-1427.jar:na]
	at org.eclipse.jdt.internal.ui.text.java.CompletionProposalComputerDescriptor.sessionStarted(CompletionProposalComputerDescriptor.java:418) [org.eclipse.jdt.ui_3.9.1.v20130820-1427.jar:na]
	at org.eclipse.jdt.internal.ui.text.java.CompletionProposalCategory.sessionStarted(CompletionProposalCategory.java:384) [org.eclipse.jdt.ui_3.9.1.v20130820-1427.jar:na]
	at org.eclipse.jdt.internal.ui.text.java.ContentAssistProcessor$CompletionListener.assistSessionStarted(ContentAssistProcessor.java:119) [org.eclipse.jdt.ui_3.9.1.v20130820-1427.jar:na]
	at org.eclipse.jface.text.contentassist.ContentAssistant.fireSessionBeginEvent(ContentAssistant.java:2221) [org.eclipse.jface.text_3.8.101.v20130802-1147.jar:na]
	at org.eclipse.jface.text.contentassist.ContentAssistant.prepareToShowCompletions(ContentAssistant.java:1696) [org.eclipse.jface.text_3.8.101.v20130802-1147.jar:na]
	at org.eclipse.jface.text.contentassist.ContentAssistant.access$6(ContentAssistant.java:1687) [org.eclipse.jface.text_3.8.101.v20130802-1147.jar:na]
	at org.eclipse.jface.text.contentassist.ContentAssistant$2.run(ContentAssistant.java:376) [org.eclipse.jface.text_3.8.101.v20130802-1147.jar:na]
	at org.eclipse.swt.widgets.RunnableLock.run(RunnableLock.java:35) [org.eclipse.swt.win32.win32.x86_64_3.102.1.v20130827-2048.jar:na]
	at org.eclipse.swt.widgets.Synchronizer.runAsyncMessages(Synchronizer.java:135) [org.eclipse.swt.win32.win32.x86_64_3.102.1.v20130827-2048.jar:na]
	at org.eclipse.swt.widgets.Display.runAsyncMessages(Display.java:4145) [org.eclipse.swt.win32.win32.x86_64_3.102.1.v20130827-2048.jar:na]
	at org.eclipse.swt.widgets.Display.readAndDispatch(Display.java:3762) [org.eclipse.swt.win32.win32.x86_64_3.102.1.v20130827-2048.jar:na]
	at org.eclipse.e4.ui.internal.workbench.swt.PartRenderingEngine$9.run(PartRenderingEngine.java:1113) [org.eclipse.e4.ui.workbench.swt_0.12.1.v20130815-1438.jar:na]
	at org.eclipse.core.databinding.observable.Realm.runWithDefault(Realm.java:332) [org.eclipse.core.databinding.observable_1.4.1.v20130515-1857.jar:na]
	at org.eclipse.e4.ui.internal.workbench.swt.PartRenderingEngine.run(PartRenderingEngine.java:997) [org.eclipse.e4.ui.workbench.swt_0.12.1.v20130815-1438.jar:na]
	at org.eclipse.e4.ui.internal.workbench.E4Workbench.createAndRunUI(E4Workbench.java:138) [org.eclipse.e4.ui.workbench_1.0.1.v20130910-2014.jar:na]
	at org.eclipse.ui.internal.Workbench$5.run(Workbench.java:610) [org.eclipse.ui.workbench_3.105.1.v20130821-1411.jar:na]
	at org.eclipse.core.databinding.observable.Realm.runWithDefault(Realm.java:332) [org.eclipse.core.databinding.observable_1.4.1.v20130515-1857.jar:na]
	at org.eclipse.ui.internal.Workbench.createAndRunWorkbench(Workbench.java:567) [org.eclipse.ui.workbench_3.105.1.v20130821-1411.jar:na]
	at org.eclipse.ui.PlatformUI.createAndRunWorkbench(PlatformUI.java:150) [org.eclipse.ui.workbench_3.105.1.v20130821-1411.jar:na]
	at org.eclipse.ui.internal.ide.application.IDEApplication.start(IDEApplication.java:124) [org.eclipse.ui.ide.application_1.0.400.v20130326-1250.jar:na]
	at org.eclipse.equinox.internal.app.EclipseAppHandle.run(EclipseAppHandle.java:196) [org.eclipse.equinox.app_1.3.100.v20130327-1442.jar:na]
	at org.eclipse.core.runtime.internal.adaptor.EclipseAppLauncher.runApplication(EclipseAppLauncher.java:110) [org.eclipse.osgi_3.9.1.v20130814-1242.jar:na]
	at org.eclipse.core.runtime.internal.adaptor.EclipseAppLauncher.start(EclipseAppLauncher.java:79) [org.eclipse.osgi_3.9.1.v20130814-1242.jar:na]
	at org.eclipse.core.runtime.adaptor.EclipseStarter.run(EclipseStarter.java:354) [org.eclipse.osgi_3.9.1.v20130814-1242.jar:na]
	at org.eclipse.core.runtime.adaptor.EclipseStarter.run(EclipseStarter.java:181) [org.eclipse.osgi_3.9.1.v20130814-1242.jar:na]
	at sun.reflect.NativeMethodAccessorImpl.invoke0(Native Method) ~[na:1.7.0_45]
	at sun.reflect.NativeMethodAccessorImpl.invoke(Unknown Source) ~[na:1.7.0_45]
	at sun.reflect.DelegatingMethodAccessorImpl.invoke(Unknown Source) ~[na:1.7.0_45]
	at java.lang.reflect.Method.invoke(Unknown Source) ~[na:1.7.0_45]
	at org.eclipse.equinox.launcher.Main.invokeFramework(Main.java:636) [org.eclipse.equinox.launcher_1.3.0.v20130327-1440.jar:na]
	at org.eclipse.equinox.launcher.Main.basicRun(Main.java:591) [org.eclipse.equinox.launcher_1.3.0.v20130327-1440.jar:na]
	at org.eclipse.equinox.launcher.Main.run(Main.java:1450) [org.eclipse.equinox.launcher_1.3.0.v20130327-1440.jar:na]
	at org.eclipse.equinox.launcher.Main.main(Main.java:1426) [org.eclipse.equinox.launcher_1.3.0.v20130327-1440.jar:na]
Caused by: java.lang.RuntimeException: com.google.gson.JsonSyntaxException: java.lang.IllegalStateException: Expected BEGIN_OBJECT but was STRING at line 1 column 1518
	at org.eclipse.recommenders.utils.Throws.throwUnhandledException(Throws.java:47) ~[org.eclipse.recommenders.utils_1.0.5.v20130822-0858-b90.jar:na]
	at org.eclipse.recommenders.utils.gson.GsonUtil.deserialize(GsonUtil.java:107) ~[org.eclipse.recommenders.utils_1.0.5.v20130822-0858-b90.jar:na]
	at org.eclipse.recommenders.utils.gson.GsonUtil.deserialize(GsonUtil.java:119) ~[org.eclipse.recommenders.utils_1.0.5.v20130822-0858-b90.jar:na]
	... 64 common frames omitted
Caused by: com.google.gson.JsonSyntaxException: java.lang.IllegalStateException: Expected BEGIN_OBJECT but was STRING at line 1 column 1518
	at com.google.gson.Gson.fromJson(Gson.java:766) ~[com.google.gson_2.1.0.v201303041604.jar:na]
	at com.google.gson.Gson.fromJson(Gson.java:721) ~[com.google.gson_2.1.0.v201303041604.jar:na]
	at org.eclipse.recommenders.utils.gson.GsonUtil.deserialize(GsonUtil.java:105) ~[org.eclipse.recommenders.utils_1.0.5.v20130822-0858-b90.jar:na]
	... 65 common frames omitted
Caused by: java.lang.IllegalStateException: Expected BEGIN_OBJECT but was STRING at line 1 column 1518
	at com.google.gson.stream.JsonReader.expect(JsonReader.java:339) ~[com.google.gson_2.1.0.v201303041604.jar:na]
	at com.google.gson.stream.JsonReader.beginObject(JsonReader.java:322) ~[com.google.gson_2.1.0.v201303041604.jar:na]
	at com.google.gson.internal.bind.MapTypeAdapterFactory$Adapter.read(MapTypeAdapterFactory.java:184) ~[com.google.gson_2.1.0.v201303041604.jar:na]
	at com.google.gson.internal.bind.MapTypeAdapterFactory$Adapter.read(MapTypeAdapterFactory.java:146) ~[com.google.gson_2.1.0.v201303041604.jar:na]
	at com.google.gson.Gson.fromJson(Gson.java:755) ~[com.google.gson_2.1.0.v201303041604.jar:na]
	... 67 common frames omitted
2014-05-15 10:00:45,282 [Recommenders-Dependency-Info-Service-0] ERROR o.e.r.u.a.ArchiveDetailsExtractor - Error while extracting name and version from file: C:\Users\ravitejaseetha\Downloads\selendroid-standalone-0.7.0-with-dependencies.jar
java.lang.NumberFormatException: For input string: "r13"
	at java.lang.NumberFormatException.forInputString(Unknown Source) ~[na:1.7.0_45]
	at java.lang.Integer.parseInt(Unknown Source) ~[na:1.7.0_45]
	at java.lang.Integer.parseInt(Unknown Source) ~[na:1.7.0_45]
	at org.eclipse.recommenders.utils.parser.MavenVersionParser.parseInt(MavenVersionParser.java:68) ~[org.eclipse.recommenders.utils_1.0.5.v20130822-0858-b90.jar:na]
	at org.eclipse.recommenders.utils.parser.MavenVersionParser.parse(MavenVersionParser.java:40) ~[org.eclipse.recommenders.utils_1.0.5.v20130822-0858-b90.jar:na]
	at org.eclipse.recommenders.utils.archive.MavenPomJarIdExtractor.parseVersion(MavenPomJarIdExtractor.java:59) ~[org.eclipse.recommenders.utils_1.0.5.v20130822-0858-b90.jar:na]
	at org.eclipse.recommenders.utils.archive.MavenPomJarIdExtractor.extract(MavenPomJarIdExtractor.java:37) ~[org.eclipse.recommenders.utils_1.0.5.v20130822-0858-b90.jar:na]
	at org.eclipse.recommenders.utils.archive.MavenPomJarIdExtractor.extract(MavenPomJarIdExtractor.java:29) ~[org.eclipse.recommenders.utils_1.0.5.v20130822-0858-b90.jar:na]
	at org.eclipse.recommenders.utils.archive.ArchiveDetailsExtractor.extractJarIds(ArchiveDetailsExtractor.java:64) [org.eclipse.recommenders.utils_1.0.5.v20130822-0858-b90.jar:na]
	at org.eclipse.recommenders.utils.archive.ArchiveDetailsExtractor.extractName(ArchiveDetailsExtractor.java:105) [org.eclipse.recommenders.utils_1.0.5.v20130822-0858-b90.jar:na]
	at org.eclipse.recommenders.internal.rcp.providers.ClasspathEntryInfoProvider$3.run(ClasspathEntryInfoProvider.java:245) [org.eclipse.recommenders.rcp_1.0.5.v20130822-0858-b90.jar:na]
	at java.util.concurrent.Executors$RunnableAdapter.call(Unknown Source) [na:1.7.0_45]
	at java.util.concurrent.FutureTask.run(Unknown Source) [na:1.7.0_45]
	at java.util.concurrent.ThreadPoolExecutor.runWorker(Unknown Source) [na:1.7.0_45]
	at java.util.concurrent.ThreadPoolExecutor$Worker.run(Unknown Source) [na:1.7.0_45]
	at java.lang.Thread.run(Unknown Source) [na:1.7.0_45]
2014-05-15 12:32:02,134 [main] INFO  c.n.h.c.p.n.NettyAsyncHttpProvider - Number of application's worked threads is 8
2014-05-15 12:32:02,935 [Worker-11] WARN  o.e.r.i.r.p.ClasspathEntryInfoProvider - Exception during deserialization of cached classpath infos. Discaring old state.
java.lang.RuntimeException: java.lang.RuntimeException: com.google.gson.JsonSyntaxException: java.lang.IllegalStateException: Expected BEGIN_ARRAY but was STRING at line 1 column 22715
	at org.eclipse.recommenders.utils.Throws.throwUnhandledException(Throws.java:47) ~[org.eclipse.recommenders.utils_1.0.5.v20130822-0858-b90.jar:na]
	at org.eclipse.recommenders.utils.gson.GsonUtil.deserialize(GsonUtil.java:121) ~[org.eclipse.recommenders.utils_1.0.5.v20130822-0858-b90.jar:na]
	at org.eclipse.recommenders.internal.rcp.providers.ClasspathEntryInfoProvider.initializeIndex(ClasspathEntryInfoProvider.java:118) [org.eclipse.recommenders.rcp_1.0.5.v20130822-0858-b90.jar:na]
	at org.eclipse.recommenders.internal.rcp.providers.ClasspathEntryInfoProvider.access$0(ClasspathEntryInfoProvider.java:111) [org.eclipse.recommenders.rcp_1.0.5.v20130822-0858-b90.jar:na]
	at org.eclipse.recommenders.internal.rcp.providers.ClasspathEntryInfoProvider$1.run(ClasspathEntryInfoProvider.java:104) [org.eclipse.recommenders.rcp_1.0.5.v20130822-0858-b90.jar:na]
	at org.eclipse.core.internal.jobs.Worker.run(Worker.java:53) [org.eclipse.core.jobs_3.5.300.v20130429-1813.jar:na]
Caused by: java.lang.RuntimeException: com.google.gson.JsonSyntaxException: java.lang.IllegalStateException: Expected BEGIN_ARRAY but was STRING at line 1 column 22715
	at org.eclipse.recommenders.utils.Throws.throwUnhandledException(Throws.java:47) ~[org.eclipse.recommenders.utils_1.0.5.v20130822-0858-b90.jar:na]
	at org.eclipse.recommenders.utils.gson.GsonUtil.deserialize(GsonUtil.java:107) ~[org.eclipse.recommenders.utils_1.0.5.v20130822-0858-b90.jar:na]
	at org.eclipse.recommenders.utils.gson.GsonUtil.deserialize(GsonUtil.java:119) ~[org.eclipse.recommenders.utils_1.0.5.v20130822-0858-b90.jar:na]
	... 4 common frames omitted
Caused by: com.google.gson.JsonSyntaxException: java.lang.IllegalStateException: Expected BEGIN_ARRAY but was STRING at line 1 column 22715
	at com.google.gson.Gson.fromJson(Gson.java:766) ~[com.google.gson_2.1.0.v201303041604.jar:na]
	at com.google.gson.Gson.fromJson(Gson.java:721) ~[com.google.gson_2.1.0.v201303041604.jar:na]
	at org.eclipse.recommenders.utils.gson.GsonUtil.deserialize(GsonUtil.java:105) ~[org.eclipse.recommenders.utils_1.0.5.v20130822-0858-b90.jar:na]
	... 5 common frames omitted
Caused by: java.lang.IllegalStateException: Expected BEGIN_ARRAY but was STRING at line 1 column 22715
	at com.google.gson.stream.JsonReader.expect(JsonReader.java:339) ~[com.google.gson_2.1.0.v201303041604.jar:na]
	at com.google.gson.stream.JsonReader.beginArray(JsonReader.java:306) ~[com.google.gson_2.1.0.v201303041604.jar:na]
	at com.google.gson.internal.bind.CollectionTypeAdapterFactory$Adapter.read(CollectionTypeAdapterFactory.java:79) ~[com.google.gson_2.1.0.v201303041604.jar:na]
	at com.google.gson.internal.bind.CollectionTypeAdapterFactory$Adapter.read(CollectionTypeAdapterFactory.java:60) ~[com.google.gson_2.1.0.v201303041604.jar:na]
	at com.google.gson.Gson.fromJson(Gson.java:755) ~[com.google.gson_2.1.0.v201303041604.jar:na]
	... 7 common frames omitted
2014-05-15 12:32:03,412 [main] WARN  o.e.r.i.c.r.c.w.ManualModelStoreWiring$CallModelArchiveStore - Loading mapping from 'E:\Testing eclipse\.metadata\.plugins\org.eclipse.recommenders.completion.rcp.calls\call-models-0.5.json' failed with exception.
java.lang.RuntimeException: java.lang.RuntimeException: com.google.gson.JsonSyntaxException: java.lang.IllegalStateException: Expected BEGIN_OBJECT but was STRING at line 1 column 1518
	at org.eclipse.recommenders.utils.Throws.throwUnhandledException(Throws.java:47) ~[org.eclipse.recommenders.utils_1.0.5.v20130822-0858-b90.jar:na]
	at org.eclipse.recommenders.utils.gson.GsonUtil.deserialize(GsonUtil.java:121) ~[org.eclipse.recommenders.utils_1.0.5.v20130822-0858-b90.jar:na]
	at org.eclipse.recommenders.internal.rcp.models.store.DefaultModelArchiveStore.deserializeMapping(DefaultModelArchiveStore.java:91) [org.eclipse.recommenders.rcp_1.0.5.v20130822-0858-b90.jar:na]
	at org.eclipse.recommenders.internal.rcp.models.store.DefaultModelArchiveStore.open(DefaultModelArchiveStore.java:77) [org.eclipse.recommenders.rcp_1.0.5.v20130822-0858-b90.jar:na]
	at org.eclipse.recommenders.internal.rcp.models.store.DefaultModelArchiveStore.<init>(DefaultModelArchiveStore.java:71) [org.eclipse.recommenders.rcp_1.0.5.v20130822-0858-b90.jar:na]
	at org.eclipse.recommenders.internal.completion.rcp.calls.wiring.ManualModelStoreWiring$CallModelArchiveStore.<init>(ManualModelStoreWiring.java:43) [org.eclipse.recommenders.completion.rcp.calls_1.0.5.v20130822-0858-b90.jar:na]
	at sun.reflect.NativeConstructorAccessorImpl.newInstance0(Native Method) [na:1.7.0_45]
	at sun.reflect.NativeConstructorAccessorImpl.newInstance(Unknown Source) [na:1.7.0_45]
	at sun.reflect.DelegatingConstructorAccessorImpl.newInstance(Unknown Source) [na:1.7.0_45]
	at java.lang.reflect.Constructor.newInstance(Unknown Source) [na:1.7.0_45]
	at com.google.inject.internal.DefaultConstructionProxyFactory$1.newInstance(DefaultConstructionProxyFactory.java:85) [com.google.inject_3.0.0.v201203062045.jar:na]
	at com.google.inject.internal.ConstructorInjector.construct(ConstructorInjector.java:85) [com.google.inject_3.0.0.v201203062045.jar:na]
	at com.google.inject.internal.ConstructorBindingImpl$Factory.get(ConstructorBindingImpl.java:254) [com.google.inject_3.0.0.v201203062045.jar:na]
	at com.google.inject.internal.FactoryProxy.get(FactoryProxy.java:54) [com.google.inject_3.0.0.v201203062045.jar:na]
	at com.google.inject.internal.ProviderToInternalFactoryAdapter$1.call(ProviderToInternalFactoryAdapter.java:46) [com.google.inject_3.0.0.v201203062045.jar:na]
	at com.google.inject.internal.InjectorImpl.callInContext(InjectorImpl.java:1031) [com.google.inject_3.0.0.v201203062045.jar:na]
	at com.google.inject.internal.ProviderToInternalFactoryAdapter.get(ProviderToInternalFactoryAdapter.java:40) [com.google.inject_3.0.0.v201203062045.jar:na]
	at com.google.inject.Scopes$1$1.get(Scopes.java:65) [com.google.inject_3.0.0.v201203062045.jar:na]
	at com.google.inject.internal.InternalFactoryToProviderAdapter.get(InternalFactoryToProviderAdapter.java:40) [com.google.inject_3.0.0.v201203062045.jar:na]
	at com.google.inject.internal.SingleParameterInjector.inject(SingleParameterInjector.java:38) [com.google.inject_3.0.0.v201203062045.jar:na]
	at com.google.inject.internal.SingleParameterInjector.getAll(SingleParameterInjector.java:62) [com.google.inject_3.0.0.v201203062045.jar:na]
	at com.google.inject.internal.ConstructorInjector.construct(ConstructorInjector.java:84) [com.google.inject_3.0.0.v201203062045.jar:na]
	at com.google.inject.internal.ConstructorBindingImpl$Factory.get(ConstructorBindingImpl.java:254) [com.google.inject_3.0.0.v201203062045.jar:na]
	at com.google.inject.internal.InjectorImpl$4$1.call(InjectorImpl.java:978) [com.google.inject_3.0.0.v201203062045.jar:na]
	at com.google.inject.internal.InjectorImpl.callInContext(InjectorImpl.java:1024) [com.google.inject_3.0.0.v201203062045.jar:na]
	at com.google.inject.internal.InjectorImpl$4.get(InjectorImpl.java:974) [com.google.inject_3.0.0.v201203062045.jar:na]
	at com.google.inject.internal.InjectorImpl.getInstance(InjectorImpl.java:1013) [com.google.inject_3.0.0.v201203062045.jar:na]
	at org.eclipse.recommenders.injection.ExtensionFactory.loadExtension(ExtensionFactory.java:50) [org.eclipse.recommenders.injection_1.0.5.v20130822-0858-b90.jar:na]
	at org.eclipse.recommenders.injection.ExtensionFactory.create(ExtensionFactory.java:42) [org.eclipse.recommenders.injection_1.0.5.v20130822-0858-b90.jar:na]
	at org.eclipse.core.internal.registry.ConfigurationElement.createExecutableExtension(ConfigurationElement.java:262) [org.eclipse.equinox.registry_3.5.301.v20130717-1549.jar:na]
	at org.eclipse.core.internal.registry.ConfigurationElementHandle.createExecutableExtension(ConfigurationElementHandle.java:55) [org.eclipse.equinox.registry_3.5.301.v20130717-1549.jar:na]
	at org.eclipse.jdt.internal.ui.text.java.CompletionProposalComputerDescriptor.createComputer(CompletionProposalComputerDescriptor.java:308) [org.eclipse.jdt.ui_3.9.1.v20130820-1427.jar:na]
	at org.eclipse.jdt.internal.ui.text.java.CompletionProposalComputerDescriptor.getComputer(CompletionProposalComputerDescriptor.java:275) [org.eclipse.jdt.ui_3.9.1.v20130820-1427.jar:na]
	at org.eclipse.jdt.internal.ui.text.java.CompletionProposalComputerDescriptor.sessionStarted(CompletionProposalComputerDescriptor.java:418) [org.eclipse.jdt.ui_3.9.1.v20130820-1427.jar:na]
	at org.eclipse.jdt.internal.ui.text.java.CompletionProposalCategory.sessionStarted(CompletionProposalCategory.java:384) [org.eclipse.jdt.ui_3.9.1.v20130820-1427.jar:na]
	at org.eclipse.jdt.internal.ui.text.java.ContentAssistProcessor$CompletionListener.assistSessionStarted(ContentAssistProcessor.java:119) [org.eclipse.jdt.ui_3.9.1.v20130820-1427.jar:na]
	at org.eclipse.jface.text.contentassist.ContentAssistant.fireSessionBeginEvent(ContentAssistant.java:2221) [org.eclipse.jface.text_3.8.101.v20130802-1147.jar:na]
	at org.eclipse.jface.text.contentassist.ContentAssistant.prepareToShowCompletions(ContentAssistant.java:1696) [org.eclipse.jface.text_3.8.101.v20130802-1147.jar:na]
	at org.eclipse.jface.text.contentassist.ContentAssistant.access$6(ContentAssistant.java:1687) [org.eclipse.jface.text_3.8.101.v20130802-1147.jar:na]
	at org.eclipse.jface.text.contentassist.ContentAssistant$2.run(ContentAssistant.java:376) [org.eclipse.jface.text_3.8.101.v20130802-1147.jar:na]
	at org.eclipse.swt.widgets.RunnableLock.run(RunnableLock.java:35) [org.eclipse.swt.win32.win32.x86_64_3.102.1.v20130827-2048.jar:na]
	at org.eclipse.swt.widgets.Synchronizer.runAsyncMessages(Synchronizer.java:135) [org.eclipse.swt.win32.win32.x86_64_3.102.1.v20130827-2048.jar:na]
	at org.eclipse.swt.widgets.Display.runAsyncMessages(Display.java:4145) [org.eclipse.swt.win32.win32.x86_64_3.102.1.v20130827-2048.jar:na]
	at org.eclipse.swt.widgets.Display.readAndDispatch(Display.java:3762) [org.eclipse.swt.win32.win32.x86_64_3.102.1.v20130827-2048.jar:na]
	at org.eclipse.e4.ui.internal.workbench.swt.PartRenderingEngine$9.run(PartRenderingEngine.java:1113) [org.eclipse.e4.ui.workbench.swt_0.12.1.v20130815-1438.jar:na]
	at org.eclipse.core.databinding.observable.Realm.runWithDefault(Realm.java:332) [org.eclipse.core.databinding.observable_1.4.1.v20130515-1857.jar:na]
	at org.eclipse.e4.ui.internal.workbench.swt.PartRenderingEngine.run(PartRenderingEngine.java:997) [org.eclipse.e4.ui.workbench.swt_0.12.1.v20130815-1438.jar:na]
	at org.eclipse.e4.ui.internal.workbench.E4Workbench.createAndRunUI(E4Workbench.java:138) [org.eclipse.e4.ui.workbench_1.0.1.v20130910-2014.jar:na]
	at org.eclipse.ui.internal.Workbench$5.run(Workbench.java:610) [org.eclipse.ui.workbench_3.105.1.v20130821-1411.jar:na]
	at org.eclipse.core.databinding.observable.Realm.runWithDefault(Realm.java:332) [org.eclipse.core.databinding.observable_1.4.1.v20130515-1857.jar:na]
	at org.eclipse.ui.internal.Workbench.createAndRunWorkbench(Workbench.java:567) [org.eclipse.ui.workbench_3.105.1.v20130821-1411.jar:na]
	at org.eclipse.ui.PlatformUI.createAndRunWorkbench(PlatformUI.java:150) [org.eclipse.ui.workbench_3.105.1.v20130821-1411.jar:na]
	at org.eclipse.ui.internal.ide.application.IDEApplication.start(IDEApplication.java:124) [org.eclipse.ui.ide.application_1.0.400.v20130326-1250.jar:na]
	at org.eclipse.equinox.internal.app.EclipseAppHandle.run(EclipseAppHandle.java:196) [org.eclipse.equinox.app_1.3.100.v20130327-1442.jar:na]
	at org.eclipse.core.runtime.internal.adaptor.EclipseAppLauncher.runApplication(EclipseAppLauncher.java:110) [org.eclipse.osgi_3.9.1.v20130814-1242.jar:na]
	at org.eclipse.core.runtime.internal.adaptor.EclipseAppLauncher.start(EclipseAppLauncher.java:79) [org.eclipse.osgi_3.9.1.v20130814-1242.jar:na]
	at org.eclipse.core.runtime.adaptor.EclipseStarter.run(EclipseStarter.java:354) [org.eclipse.osgi_3.9.1.v20130814-1242.jar:na]
	at org.eclipse.core.runtime.adaptor.EclipseStarter.run(EclipseStarter.java:181) [org.eclipse.osgi_3.9.1.v20130814-1242.jar:na]
	at sun.reflect.NativeMethodAccessorImpl.invoke0(Native Method) ~[na:1.7.0_45]
	at sun.reflect.NativeMethodAccessorImpl.invoke(Unknown Source) ~[na:1.7.0_45]
	at sun.reflect.DelegatingMethodAccessorImpl.invoke(Unknown Source) ~[na:1.7.0_45]
	at java.lang.reflect.Method.invoke(Unknown Source) ~[na:1.7.0_45]
	at org.eclipse.equinox.launcher.Main.invokeFramework(Main.java:636) [org.eclipse.equinox.launcher_1.3.0.v20130327-1440.jar:na]
	at org.eclipse.equinox.launcher.Main.basicRun(Main.java:591) [org.eclipse.equinox.launcher_1.3.0.v20130327-1440.jar:na]
	at org.eclipse.equinox.launcher.Main.run(Main.java:1450) [org.eclipse.equinox.launcher_1.3.0.v20130327-1440.jar:na]
	at org.eclipse.equinox.launcher.Main.main(Main.java:1426) [org.eclipse.equinox.launcher_1.3.0.v20130327-1440.jar:na]
Caused by: java.lang.RuntimeException: com.google.gson.JsonSyntaxException: java.lang.IllegalStateException: Expected BEGIN_OBJECT but was STRING at line 1 column 1518
	at org.eclipse.recommenders.utils.Throws.throwUnhandledException(Throws.java:47) ~[org.eclipse.recommenders.utils_1.0.5.v20130822-0858-b90.jar:na]
	at org.eclipse.recommenders.utils.gson.GsonUtil.deserialize(GsonUtil.java:107) ~[org.eclipse.recommenders.utils_1.0.5.v20130822-0858-b90.jar:na]
	at org.eclipse.recommenders.utils.gson.GsonUtil.deserialize(GsonUtil.java:119) ~[org.eclipse.recommenders.utils_1.0.5.v20130822-0858-b90.jar:na]
	... 64 common frames omitted
Caused by: com.google.gson.JsonSyntaxException: java.lang.IllegalStateException: Expected BEGIN_OBJECT but was STRING at line 1 column 1518
	at com.google.gson.Gson.fromJson(Gson.java:766) ~[com.google.gson_2.1.0.v201303041604.jar:na]
	at com.google.gson.Gson.fromJson(Gson.java:721) ~[com.google.gson_2.1.0.v201303041604.jar:na]
	at org.eclipse.recommenders.utils.gson.GsonUtil.deserialize(GsonUtil.java:105) ~[org.eclipse.recommenders.utils_1.0.5.v20130822-0858-b90.jar:na]
	... 65 common frames omitted
Caused by: java.lang.IllegalStateException: Expected BEGIN_OBJECT but was STRING at line 1 column 1518
	at com.google.gson.stream.JsonReader.expect(JsonReader.java:339) ~[com.google.gson_2.1.0.v201303041604.jar:na]
	at com.google.gson.stream.JsonReader.beginObject(JsonReader.java:322) ~[com.google.gson_2.1.0.v201303041604.jar:na]
	at com.google.gson.internal.bind.MapTypeAdapterFactory$Adapter.read(MapTypeAdapterFactory.java:184) ~[com.google.gson_2.1.0.v201303041604.jar:na]
	at com.google.gson.internal.bind.MapTypeAdapterFactory$Adapter.read(MapTypeAdapterFactory.java:146) ~[com.google.gson_2.1.0.v201303041604.jar:na]
	at com.google.gson.Gson.fromJson(Gson.java:755) ~[com.google.gson_2.1.0.v201303041604.jar:na]
	... 67 common frames omitted
2014-05-15 12:32:06,042 [Recommenders-Dependency-Info-Service-0] ERROR o.e.r.u.a.ArchiveDetailsExtractor - Error while extracting name and version from file: C:\Users\ravitejaseetha\Downloads\selendroid-standalone-0.7.0-with-dependencies.jar
java.lang.NumberFormatException: For input string: "r13"
	at java.lang.NumberFormatException.forInputString(Unknown Source) ~[na:1.7.0_45]
	at java.lang.Integer.parseInt(Unknown Source) ~[na:1.7.0_45]
	at java.lang.Integer.parseInt(Unknown Source) ~[na:1.7.0_45]
	at org.eclipse.recommenders.utils.parser.MavenVersionParser.parseInt(MavenVersionParser.java:68) ~[org.eclipse.recommenders.utils_1.0.5.v20130822-0858-b90.jar:na]
	at org.eclipse.recommenders.utils.parser.MavenVersionParser.parse(MavenVersionParser.java:40) ~[org.eclipse.recommenders.utils_1.0.5.v20130822-0858-b90.jar:na]
	at org.eclipse.recommenders.utils.archive.MavenPomJarIdExtractor.parseVersion(MavenPomJarIdExtractor.java:59) ~[org.eclipse.recommenders.utils_1.0.5.v20130822-0858-b90.jar:na]
	at org.eclipse.recommenders.utils.archive.MavenPomJarIdExtractor.extract(MavenPomJarIdExtractor.java:37) ~[org.eclipse.recommenders.utils_1.0.5.v20130822-0858-b90.jar:na]
	at org.eclipse.recommenders.utils.archive.MavenPomJarIdExtractor.extract(MavenPomJarIdExtractor.java:29) ~[org.eclipse.recommenders.utils_1.0.5.v20130822-0858-b90.jar:na]
	at org.eclipse.recommenders.utils.archive.ArchiveDetailsExtractor.extractJarIds(ArchiveDetailsExtractor.java:64) [org.eclipse.recommenders.utils_1.0.5.v20130822-0858-b90.jar:na]
	at org.eclipse.recommenders.utils.archive.ArchiveDetailsExtractor.extractName(ArchiveDetailsExtractor.java:105) [org.eclipse.recommenders.utils_1.0.5.v20130822-0858-b90.jar:na]
	at org.eclipse.recommenders.internal.rcp.providers.ClasspathEntryInfoProvider$3.run(ClasspathEntryInfoProvider.java:245) [org.eclipse.recommenders.rcp_1.0.5.v20130822-0858-b90.jar:na]
	at java.util.concurrent.Executors$RunnableAdapter.call(Unknown Source) [na:1.7.0_45]
	at java.util.concurrent.FutureTask.run(Unknown Source) [na:1.7.0_45]
	at java.util.concurrent.ThreadPoolExecutor.runWorker(Unknown Source) [na:1.7.0_45]
	at java.util.concurrent.ThreadPoolExecutor$Worker.run(Unknown Source) [na:1.7.0_45]
	at java.lang.Thread.run(Unknown Source) [na:1.7.0_45]
2014-05-16 16:02:40,920 [main] INFO  c.n.h.c.p.n.NettyAsyncHttpProvider - Number of application's worked threads is 8
2014-05-16 16:56:17,955 [pool-6-thread-1] INFO  c.n.h.c.p.n.NettyAsyncHttpProvider - Number of application's worked threads is 8
2014-05-17 10:36:42,333 [main] INFO  c.n.h.c.p.n.NettyAsyncHttpProvider - Number of application's worked threads is 8
2014-05-19 10:00:22,960 [main] INFO  c.n.h.c.p.n.NettyAsyncHttpProvider - Number of application's worked threads is 8
2014-05-22 10:41:10,138 [main] INFO  c.n.h.c.p.n.NettyAsyncHttpProvider - Number of application's worked threads is 8
2014-05-23 10:11:23,739 [main] INFO  c.n.h.c.p.n.NettyAsyncHttpProvider - Number of application's worked threads is 8
2014-05-23 11:47:51,945 [main] INFO  c.n.h.c.p.n.NettyAsyncHttpProvider - Number of application's worked threads is 8
2014-05-23 12:23:30,636 [main] INFO  c.n.h.c.p.n.NettyAsyncHttpProvider - Number of application's worked threads is 8
2014-05-23 12:23:53,276 [Worker-1] WARN  o.e.r.i.rcp.repo.ModelRepository - 'remote-models (http://download.eclipse.org/recommenders/models/kepler/, releases+snapshots)' did not send ETAG header for 'org.eclipse.recommenders:index:zip:0.0.0'.
2014-05-23 12:23:53,526 [pool-6-thread-1] INFO  c.n.h.c.p.n.NettyAsyncHttpProvider - Number of application's worked threads is 8
2014-05-23 12:24:35,667 [Worker-1] WARN  o.e.r.i.rcp.repo.ModelRepository - 'remote-models (http://download.eclipse.org/recommenders/models/kepler/, releases+snapshots)' did not send ETAG header for 'org.eclipse.recommenders:index:zip:0.0.0'.
2014-05-23 12:24:35,714 [Worker-1] WARN  o.e.r.i.r.repo.UpdateModelIndexJob - Updating index cancelled.
org.sonatype.aether.resolution.DependencyResolutionException: Could not transfer artifact org.eclipse.recommenders:index:zip:0.0.0 from/to remote-models (http://download.eclipse.org/recommenders/models/kepler/): Error transferring file: Connection timed out: no further information to http://download.eclipse.org/recommenders/models/kepler/org/eclipse/recommenders/index/0.0.0/index-0.0.0.zip
	at org.sonatype.aether.impl.internal.DefaultRepositorySystem.resolveDependencies(DefaultRepositorySystem.java:375) ~[na:na]
	at org.eclipse.recommenders.internal.rcp.repo.ModelRepository.resolve(ModelRepository.java:226) ~[na:na]
	at org.eclipse.recommenders.internal.rcp.repo.UpdateModelIndexJob.downloadAndUnzipIndex(UpdateModelIndexJob.java:70) ~[na:na]
	at org.eclipse.recommenders.internal.rcp.repo.UpdateModelIndexJob.run(UpdateModelIndexJob.java:51) ~[na:na]
	at org.eclipse.core.internal.jobs.Worker.run(Worker.java:53) [org.eclipse.core.jobs_3.5.300.v20130429-1813.jar:na]
Caused by: org.sonatype.aether.resolution.ArtifactResolutionException: Could not transfer artifact org.eclipse.recommenders:index:zip:0.0.0 from/to remote-models (http://download.eclipse.org/recommenders/models/kepler/): Error transferring file: Connection timed out: no further information to http://download.eclipse.org/recommenders/models/kepler/org/eclipse/recommenders/index/0.0.0/index-0.0.0.zip
	at org.sonatype.aether.impl.internal.DefaultArtifactResolver.resolve(DefaultArtifactResolver.java:538) ~[na:na]
	at org.sonatype.aether.impl.internal.DefaultArtifactResolver.resolveArtifacts(DefaultArtifactResolver.java:216) ~[na:na]
	at org.sonatype.aether.impl.internal.DefaultRepositorySystem.resolveDependencies(DefaultRepositorySystem.java:358) ~[na:na]
	... 4 common frames omitted
org.sonatype.aether.transfer.ArtifactTransferException: Could not transfer artifact org.eclipse.recommenders:index:zip:0.0.0 from/to remote-models (http://download.eclipse.org/recommenders/models/kepler/): Error transferring file: Connection timed out: no further information to http://download.eclipse.org/recommenders/models/kepler/org/eclipse/recommenders/index/0.0.0/index-0.0.0.zip
	at org.sonatype.aether.connector.wagon.WagonRepositoryConnector$4.wrap(WagonRepositoryConnector.java:951) ~[na:na]
	at org.sonatype.aether.connector.wagon.WagonRepositoryConnector$4.wrap(WagonRepositoryConnector.java:941) ~[na:na]
	at org.sonatype.aether.connector.wagon.WagonRepositoryConnector$GetTask.run(WagonRepositoryConnector.java:669) ~[na:na]
	at org.sonatype.aether.util.concurrency.RunnableErrorForwarder$1.run(RunnableErrorForwarder.java:60) ~[na:na]
	at java.util.concurrent.ThreadPoolExecutor.runWorker(Unknown Source) ~[na:1.7.0_45]
	at java.util.concurrent.ThreadPoolExecutor$Worker.run(Unknown Source) ~[na:1.7.0_45]
	at java.lang.Thread.run(Unknown Source) ~[na:1.7.0_45]
Caused by: org.apache.maven.wagon.TransferFailedException: Error transferring file: Connection timed out: no further information to http://download.eclipse.org/recommenders/models/kepler/org/eclipse/recommenders/index/0.0.0/index-0.0.0.zip
	at org.sonatype.maven.wagon.AhcWagon.fillInputData(AhcWagon.java:301) ~[na:na]
	at org.apache.maven.wagon.StreamWagon.getInputStream(StreamWagon.java:116) ~[na:na]
	at org.apache.maven.wagon.StreamWagon.getIfNewer(StreamWagon.java:88) ~[na:na]
	at org.apache.maven.wagon.StreamWagon.get(StreamWagon.java:61) ~[na:na]
	at org.sonatype.aether.connector.wagon.WagonRepositoryConnector$GetTask.run(WagonRepositoryConnector.java:601) ~[na:na]
	... 4 common frames omitted
Caused by: java.io.IOException: Connection timed out: no further information to http://download.eclipse.org/recommenders/models/kepler/org/eclipse/recommenders/index/0.0.0/index-0.0.0.zip
	at org.sonatype.maven.wagon.AhcWagon.fillInputData(AhcWagon.java:270) ~[na:na]
	... 8 common frames omitted
Caused by: java.net.ConnectException: Connection timed out: no further information to http://download.eclipse.org/recommenders/models/kepler/org/eclipse/recommenders/index/0.0.0/index-0.0.0.zip
	at com.ning.http.client.providers.netty.NettyConnectListener.operationComplete(NettyConnectListener.java:95) ~[na:na]
	at org.jboss.netty.channel.DefaultChannelFuture.notifyListener(DefaultChannelFuture.java:381) ~[na:na]
	at org.jboss.netty.channel.DefaultChannelFuture.notifyListeners(DefaultChannelFuture.java:372) ~[na:na]
	at org.jboss.netty.channel.DefaultChannelFuture.setFailure(DefaultChannelFuture.java:334) ~[na:na]
	at org.jboss.netty.channel.socket.nio.NioClientSocketPipelineSink$Boss.connect(NioClientSocketPipelineSink.java:389) ~[na:na]
	at org.jboss.netty.channel.socket.nio.NioClientSocketPipelineSink$Boss.processSelectedKeys(NioClientSocketPipelineSink.java:354) ~[na:na]
	at org.jboss.netty.channel.socket.nio.NioClientSocketPipelineSink$Boss.run(NioClientSocketPipelineSink.java:276) ~[na:na]
	at org.jboss.netty.util.ThreadRenamingRunnable.run(ThreadRenamingRunnable.java:108) ~[na:na]
	at org.jboss.netty.util.internal.DeadLockProofWorker$1.run(DeadLockProofWorker.java:44) ~[na:na]
	... 3 common frames omitted
Caused by: java.net.ConnectException: Connection timed out: no further information
	at sun.nio.ch.SocketChannelImpl.checkConnect(Native Method) ~[na:1.7.0_45]
	at sun.nio.ch.SocketChannelImpl.finishConnect(Unknown Source) ~[na:1.7.0_45]
	at org.jboss.netty.channel.socket.nio.NioClientSocketPipelineSink$Boss.connect(NioClientSocketPipelineSink.java:384) ~[na:na]
	at org.jboss.netty.channel.socket.nio.NioClientSocketPipelineSink$Boss.processSelectedKeys(NioClientSocketPipelineSink.java:354) ~[na:na]
	at org.jboss.netty.channel.socket.nio.NioClientSocketPipelineSink$Boss.run(NioClientSocketPipelineSink.java:276) ~[na:na]
	... 3 common frames omitted
2014-05-23 13:05:10,984 [main] INFO  c.n.h.c.p.n.NettyAsyncHttpProvider - Number of application's worked threads is 8
2014-05-23 13:05:12,023 [pool-6-thread-1] INFO  c.n.h.c.p.n.NettyAsyncHttpProvider - Number of application's worked threads is 8
2014-05-26 10:34:54,646 [main] INFO  c.n.h.c.p.n.NettyAsyncHttpProvider - Number of application's worked threads is 8
2014-05-28 14:51:02,421 [main] INFO  c.n.h.c.p.n.NettyAsyncHttpProvider - Number of application's worked threads is 8
2014-05-28 16:21:31,243 [Recommenders-Dependency-Info-Service-3] ERROR o.e.r.i.r.p.ClasspathEntryInfoProvider - Extracing jar information failed with exception.
java.util.zip.ZipException: error in opening zip file
	at java.util.zip.ZipFile.open(Native Method) ~[na:1.7.0_45]
	at java.util.zip.ZipFile.<init>(Unknown Source) ~[na:1.7.0_45]
	at java.util.zip.ZipFile.<init>(Unknown Source) ~[na:1.7.0_45]
	at java.util.jar.JarFile.<init>(Unknown Source) ~[na:1.7.0_45]
	at java.util.jar.JarFile.<init>(Unknown Source) ~[na:1.7.0_45]
	at org.eclipse.recommenders.utils.archive.ArchiveDetailsExtractor.<init>(ArchiveDetailsExtractor.java:43) ~[na:na]
	at org.eclipse.recommenders.internal.rcp.providers.ClasspathEntryInfoProvider$3.run(ClasspathEntryInfoProvider.java:243) ~[na:na]
	at java.util.concurrent.Executors$RunnableAdapter.call(Unknown Source) [na:1.7.0_45]
	at java.util.concurrent.FutureTask.run(Unknown Source) [na:1.7.0_45]
	at java.util.concurrent.ThreadPoolExecutor.runWorker(Unknown Source) [na:1.7.0_45]
	at java.util.concurrent.ThreadPoolExecutor$Worker.run(Unknown Source) [na:1.7.0_45]
	at java.lang.Thread.run(Unknown Source) [na:1.7.0_45]
2014-06-18 17:15:04,503 [main] INFO  c.n.h.c.p.n.NettyAsyncHttpProvider - Number of application's worked threads is 8
2014-06-24 12:41:42,848 [main] INFO  c.n.h.c.p.n.NettyAsyncHttpProvider - Number of application's worked threads is 8
2014-06-24 17:53:11,664 [main] INFO  c.n.h.c.p.n.NettyAsyncHttpProvider - Number of application's worked threads is 8
2014-07-02 17:09:10,720 [main] INFO  c.n.h.c.p.n.NettyAsyncHttpProvider - Number of application's worked threads is 8
2014-07-10 14:32:00,227 [main] INFO  c.n.h.c.p.n.NettyAsyncHttpProvider - Number of application's worked threads is 8
2014-07-11 11:11:15,527 [main] INFO  c.n.h.c.p.n.NettyAsyncHttpProvider - Number of application's worked threads is 8
2014-07-11 15:43:47,766 [main] INFO  c.n.h.c.p.n.NettyAsyncHttpProvider - Number of application's worked threads is 8
2014-07-11 17:33:15,167 [main] INFO  c.n.h.c.p.n.NettyAsyncHttpProvider - Number of application's worked threads is 8
2014-07-15 12:05:39,534 [main] INFO  c.n.h.c.p.n.NettyAsyncHttpProvider - Number of application's worked threads is 8
2014-08-03 15:51:45,048 [main] INFO  c.n.h.c.p.n.NettyAsyncHttpProvider - Number of application's worked threads is 8
2014-08-06 11:09:17,152 [main] INFO  c.n.h.c.p.n.NettyAsyncHttpProvider - Number of application's worked threads is 8
2014-08-06 12:53:19,320 [main] INFO  c.n.h.c.p.n.NettyAsyncHttpProvider - Number of application's worked threads is 8
2014-08-07 10:56:47,112 [main] INFO  c.n.h.c.p.n.NettyAsyncHttpProvider - Number of application's worked threads is 8
2014-08-07 16:00:49,014 [main] INFO  c.n.h.c.p.n.NettyAsyncHttpProvider - Number of application's worked threads is 8
2014-10-08 13:27:26,773 [main] INFO  c.n.h.c.p.n.NettyAsyncHttpProvider - Number of application's worked threads is 8
2014-10-08 13:27:28,739 [Recommenders-Dependency-Info-Service-0] ERROR o.e.r.i.r.p.ClasspathEntryInfoProvider - Extracing jar information failed with exception.
java.util.zip.ZipException: error in opening zip file
	at java.util.zip.ZipFile.open(Native Method) ~[na:1.8.0_11]
	at java.util.zip.ZipFile.<init>(Unknown Source) ~[na:1.8.0_11]
	at java.util.zip.ZipFile.<init>(Unknown Source) ~[na:1.8.0_11]
	at java.util.jar.JarFile.<init>(Unknown Source) ~[na:1.8.0_11]
	at java.util.jar.JarFile.<init>(Unknown Source) ~[na:1.8.0_11]
	at org.eclipse.recommenders.utils.archive.ArchiveDetailsExtractor.<init>(ArchiveDetailsExtractor.java:43) ~[na:na]
	at org.eclipse.recommenders.internal.rcp.providers.ClasspathEntryInfoProvider$3.run(ClasspathEntryInfoProvider.java:243) ~[na:na]
	at java.util.concurrent.Executors$RunnableAdapter.call(Unknown Source) [na:1.8.0_11]
	at java.util.concurrent.FutureTask.run(Unknown Source) [na:1.8.0_11]
	at java.util.concurrent.ThreadPoolExecutor.runWorker(Unknown Source) [na:1.8.0_11]
	at java.util.concurrent.ThreadPoolExecutor$Worker.run(Unknown Source) [na:1.8.0_11]
	at java.lang.Thread.run(Unknown Source) [na:1.8.0_11]
2014-10-08 14:39:49,092 [main] INFO  c.n.h.c.p.n.NettyAsyncHttpProvider - Number of application's worked threads is 8
2014-10-08 14:39:49,684 [Recommenders-Dependency-Info-Service-0] ERROR o.e.r.i.r.p.ClasspathEntryInfoProvider - Extracing jar information failed with exception.
java.util.zip.ZipException: error in opening zip file
	at java.util.zip.ZipFile.open(Native Method) ~[na:1.8.0_11]
	at java.util.zip.ZipFile.<init>(Unknown Source) ~[na:1.8.0_11]
	at java.util.zip.ZipFile.<init>(Unknown Source) ~[na:1.8.0_11]
	at java.util.jar.JarFile.<init>(Unknown Source) ~[na:1.8.0_11]
	at java.util.jar.JarFile.<init>(Unknown Source) ~[na:1.8.0_11]
	at org.eclipse.recommenders.utils.archive.ArchiveDetailsExtractor.<init>(ArchiveDetailsExtractor.java:43) ~[na:na]
	at org.eclipse.recommenders.internal.rcp.providers.ClasspathEntryInfoProvider$3.run(ClasspathEntryInfoProvider.java:243) ~[na:na]
	at java.util.concurrent.Executors$RunnableAdapter.call(Unknown Source) [na:1.8.0_11]
	at java.util.concurrent.FutureTask.run(Unknown Source) [na:1.8.0_11]
	at java.util.concurrent.ThreadPoolExecutor.runWorker(Unknown Source) [na:1.8.0_11]
	at java.util.concurrent.ThreadPoolExecutor$Worker.run(Unknown Source) [na:1.8.0_11]
	at java.lang.Thread.run(Unknown Source) [na:1.8.0_11]
2014-11-08 15:19:03,388 [main] INFO  c.n.h.c.p.n.NettyAsyncHttpProvider - Number of application's worked threads is 8
2014-11-08 15:19:05,229 [Recommenders-Dependency-Info-Service-0] ERROR o.e.r.i.r.p.ClasspathEntryInfoProvider - Extracing jar information failed with exception.
java.util.zip.ZipException: error in opening zip file
	at java.util.zip.ZipFile.open(Native Method) ~[na:1.8.0_11]
	at java.util.zip.ZipFile.<init>(Unknown Source) ~[na:1.8.0_11]
	at java.util.zip.ZipFile.<init>(Unknown Source) ~[na:1.8.0_11]
	at java.util.jar.JarFile.<init>(Unknown Source) ~[na:1.8.0_11]
	at java.util.jar.JarFile.<init>(Unknown Source) ~[na:1.8.0_11]
	at org.eclipse.recommenders.utils.archive.ArchiveDetailsExtractor.<init>(ArchiveDetailsExtractor.java:43) ~[na:na]
	at org.eclipse.recommenders.internal.rcp.providers.ClasspathEntryInfoProvider$3.run(ClasspathEntryInfoProvider.java:243) ~[na:na]
	at java.util.concurrent.Executors$RunnableAdapter.call(Unknown Source) [na:1.8.0_11]
	at java.util.concurrent.FutureTask.run(Unknown Source) [na:1.8.0_11]
	at java.util.concurrent.ThreadPoolExecutor.runWorker(Unknown Source) [na:1.8.0_11]
	at java.util.concurrent.ThreadPoolExecutor$Worker.run(Unknown Source) [na:1.8.0_11]
	at java.lang.Thread.run(Unknown Source) [na:1.8.0_11]
2014-11-08 16:02:22,758 [pool-6-thread-1] INFO  c.n.h.c.p.n.NettyAsyncHttpProvider - Number of application's worked threads is 8
2014-11-12 18:11:05,549 [main] INFO  c.n.h.c.p.n.NettyAsyncHttpProvider - Number of application's worked threads is 8
2014-11-18 11:36:38,335 [main] INFO  c.n.h.c.p.n.NettyAsyncHttpProvider - Number of application's worked threads is 8
2014-11-21 12:06:39,918 [main] INFO  c.n.h.c.p.n.NettyAsyncHttpProvider - Number of application's worked threads is 8
2014-11-21 14:52:09,941 [main] INFO  c.n.h.c.p.n.NettyAsyncHttpProvider - Number of application's worked threads is 8
2014-11-26 18:13:54,935 [main] INFO  c.n.h.c.p.n.NettyAsyncHttpProvider - Number of application's worked threads is 8
2014-11-28 18:16:28,801 [main] INFO  c.n.h.c.p.n.NettyAsyncHttpProvider - Number of application's worked threads is 8
2014-12-01 10:44:53,330 [main] INFO  c.n.h.c.p.n.NettyAsyncHttpProvider - Number of application's worked threads is 8
2014-12-03 11:05:27,200 [main] INFO  c.n.h.c.p.n.NettyAsyncHttpProvider - Number of application's worked threads is 8
2014-12-04 13:00:44,697 [main] INFO  c.n.h.c.p.n.NettyAsyncHttpProvider - Number of application's worked threads is 8
2014-12-05 18:40:22,895 [main] INFO  c.n.h.c.p.n.NettyAsyncHttpProvider - Number of application's worked threads is 8
2014-12-06 13:17:50,909 [main] INFO  c.n.h.c.p.n.NettyAsyncHttpProvider - Number of application's worked threads is 8
2014-12-08 19:30:07,424 [main] INFO  c.n.h.c.p.n.NettyAsyncHttpProvider - Number of application's worked threads is 8
2014-12-09 19:40:19,097 [main] INFO  c.n.h.c.p.n.NettyAsyncHttpProvider - Number of application's worked threads is 8
2014-12-11 19:12:25,817 [main] INFO  c.n.h.c.p.n.NettyAsyncHttpProvider - Number of application's worked threads is 8
2014-12-13 12:54:11,898 [main] INFO  c.n.h.c.p.n.NettyAsyncHttpProvider - Number of application's worked threads is 8
2014-12-16 19:14:06,303 [main] INFO  c.n.h.c.p.n.NettyAsyncHttpProvider - Number of application's worked threads is 8
2014-12-18 13:34:11,208 [main] INFO  c.n.h.c.p.n.NettyAsyncHttpProvider - Number of application's worked threads is 8
2014-12-22 16:07:44,383 [main] INFO  c.n.h.c.p.n.NettyAsyncHttpProvider - Number of application's worked threads is 8
2014-12-23 12:07:01,876 [main] INFO  c.n.h.c.p.n.NettyAsyncHttpProvider - Number of application's worked threads is 8
2014-12-23 15:02:16,027 [main] INFO  c.n.h.c.p.n.NettyAsyncHttpProvider - Number of application's worked threads is 8
2014-12-24 10:53:44,287 [main] INFO  c.n.h.c.p.n.NettyAsyncHttpProvider - Number of application's worked threads is 8
2014-12-24 13:03:17,660 [main] INFO  c.n.h.c.p.n.NettyAsyncHttpProvider - Number of application's worked threads is 8
2014-12-26 12:40:34,730 [main] INFO  c.n.h.c.p.n.NettyAsyncHttpProvider - Number of application's worked threads is 8
2015-01-06 14:37:44,710 [main] INFO  c.n.h.c.p.n.NettyAsyncHttpProvider - Number of application's worked threads is 8
2015-01-06 15:02:20,898 [main] INFO  c.n.h.c.p.n.NettyAsyncHttpProvider - Number of application's worked threads is 8
2015-03-04 11:58:34,011 [main] INFO  c.n.h.c.p.n.NettyAsyncHttpProvider - Number of application's worked threads is 8
2015-03-04 16:32:02,838 [main] INFO  c.n.h.c.p.n.NettyAsyncHttpProvider - Number of application's worked threads is 8
2015-03-05 17:05:41,765 [main] INFO  c.n.h.c.p.n.NettyAsyncHttpProvider - Number of application's worked threads is 8
2015-03-06 11:27:43,865 [main] INFO  c.n.h.c.p.n.NettyAsyncHttpProvider - Number of application's worked threads is 8
2015-03-07 11:09:22,437 [main] INFO  c.n.h.c.p.n.NettyAsyncHttpProvider - Number of application's worked threads is 8
2015-03-12 12:07:36,811 [main] INFO  c.n.h.c.p.n.NettyAsyncHttpProvider - Number of application's worked threads is 8
2015-03-13 11:32:08,094 [main] INFO  c.n.h.c.p.n.NettyAsyncHttpProvider - Number of application's worked threads is 8
2015-03-14 13:41:27,150 [main] INFO  c.n.h.c.p.n.NettyAsyncHttpProvider - Number of application's worked threads is 8
2015-03-16 12:37:57,388 [main] INFO  c.n.h.c.p.n.NettyAsyncHttpProvider - Number of application's worked threads is 8
2015-03-23 11:41:04,366 [main] INFO  c.n.h.c.p.n.NettyAsyncHttpProvider - Number of application's worked threads is 8
2015-03-23 15:38:02,297 [pool-6-thread-1] INFO  c.n.h.c.p.n.NettyAsyncHttpProvider - Number of application's worked threads is 8
2015-03-23 15:38:04,584 [pool-8-thread-1] INFO  c.n.h.c.p.n.NettyAsyncHttpProvider - Number of application's worked threads is 8
2015-03-24 11:14:16,498 [main] INFO  c.n.h.c.p.n.NettyAsyncHttpProvider - Number of application's worked threads is 8
2015-03-24 18:10:03,603 [main] INFO  c.n.h.c.p.n.NettyAsyncHttpProvider - Number of application's worked threads is 8
2015-03-25 10:58:06,898 [main] INFO  c.n.h.c.p.n.NettyAsyncHttpProvider - Number of application's worked threads is 8
2015-03-28 12:05:03,156 [main] INFO  c.n.h.c.p.n.NettyAsyncHttpProvider - Number of application's worked threads is 8
2015-03-30 10:47:05,328 [main] INFO  c.n.h.c.p.n.NettyAsyncHttpProvider - Number of application's worked threads is 8
2015-03-30 12:37:57,219 [main] INFO  c.n.h.c.p.n.NettyAsyncHttpProvider - Number of application's worked threads is 8
2015-03-31 09:13:23,423 [main] INFO  c.n.h.c.p.n.NettyAsyncHttpProvider - Number of application's worked threads is 8
2015-04-01 10:52:02,903 [main] INFO  c.n.h.c.p.n.NettyAsyncHttpProvider - Number of application's worked threads is 8
2015-04-01 15:48:11,889 [Recommenders-Dependency-Info-Service-0] ERROR o.e.r.u.a.ArchiveDetailsExtractor - Error while extracting name and version from file: D:\raviteja\Downloads\selenium-2.37.0\selendroid-standalone-0.7.0-with-dependencies.jar
java.lang.NumberFormatException: For input string: "r13"
	at java.lang.NumberFormatException.forInputString(Unknown Source) ~[na:1.8.0_11]
	at java.lang.Integer.parseInt(Unknown Source) ~[na:1.8.0_11]
	at java.lang.Integer.parseInt(Unknown Source) ~[na:1.8.0_11]
	at org.eclipse.recommenders.utils.parser.MavenVersionParser.parseInt(MavenVersionParser.java:68) ~[org.eclipse.recommenders.utils_1.0.5.v20130822-0858-b90.jar:na]
	at org.eclipse.recommenders.utils.parser.MavenVersionParser.parse(MavenVersionParser.java:40) ~[org.eclipse.recommenders.utils_1.0.5.v20130822-0858-b90.jar:na]
	at org.eclipse.recommenders.utils.archive.MavenPomJarIdExtractor.parseVersion(MavenPomJarIdExtractor.java:59) ~[org.eclipse.recommenders.utils_1.0.5.v20130822-0858-b90.jar:na]
	at org.eclipse.recommenders.utils.archive.MavenPomJarIdExtractor.extract(MavenPomJarIdExtractor.java:37) ~[org.eclipse.recommenders.utils_1.0.5.v20130822-0858-b90.jar:na]
	at org.eclipse.recommenders.utils.archive.MavenPomJarIdExtractor.extract(MavenPomJarIdExtractor.java:29) ~[org.eclipse.recommenders.utils_1.0.5.v20130822-0858-b90.jar:na]
	at org.eclipse.recommenders.utils.archive.ArchiveDetailsExtractor.extractJarIds(ArchiveDetailsExtractor.java:64) [org.eclipse.recommenders.utils_1.0.5.v20130822-0858-b90.jar:na]
	at org.eclipse.recommenders.utils.archive.ArchiveDetailsExtractor.extractName(ArchiveDetailsExtractor.java:105) [org.eclipse.recommenders.utils_1.0.5.v20130822-0858-b90.jar:na]
	at org.eclipse.recommenders.internal.rcp.providers.ClasspathEntryInfoProvider$3.run(ClasspathEntryInfoProvider.java:245) [org.eclipse.recommenders.rcp_1.0.5.v20130822-0858-b90.jar:na]
	at java.util.concurrent.Executors$RunnableAdapter.call(Unknown Source) [na:1.8.0_11]
	at java.util.concurrent.FutureTask.run(Unknown Source) [na:1.8.0_11]
	at java.util.concurrent.ThreadPoolExecutor.runWorker(Unknown Source) [na:1.8.0_11]
	at java.util.concurrent.ThreadPoolExecutor$Worker.run(Unknown Source) [na:1.8.0_11]
	at java.lang.Thread.run(Unknown Source) [na:1.8.0_11]
2015-04-02 11:29:34,561 [main] INFO  c.n.h.c.p.n.NettyAsyncHttpProvider - Number of application's worked threads is 8
2015-04-02 11:29:36,573 [Recommenders-Dependency-Info-Service-0] ERROR o.e.r.u.a.ArchiveDetailsExtractor - Error while extracting name and version from file: D:\raviteja\Downloads\selenium-2.37.0\selendroid-standalone-0.7.0-with-dependencies.jar
java.lang.NumberFormatException: For input string: "r13"
	at java.lang.NumberFormatException.forInputString(Unknown Source) ~[na:1.8.0_11]
	at java.lang.Integer.parseInt(Unknown Source) ~[na:1.8.0_11]
	at java.lang.Integer.parseInt(Unknown Source) ~[na:1.8.0_11]
	at org.eclipse.recommenders.utils.parser.MavenVersionParser.parseInt(MavenVersionParser.java:68) ~[org.eclipse.recommenders.utils_1.0.5.v20130822-0858-b90.jar:na]
	at org.eclipse.recommenders.utils.parser.MavenVersionParser.parse(MavenVersionParser.java:40) ~[org.eclipse.recommenders.utils_1.0.5.v20130822-0858-b90.jar:na]
	at org.eclipse.recommenders.utils.archive.MavenPomJarIdExtractor.parseVersion(MavenPomJarIdExtractor.java:59) ~[org.eclipse.recommenders.utils_1.0.5.v20130822-0858-b90.jar:na]
	at org.eclipse.recommenders.utils.archive.MavenPomJarIdExtractor.extract(MavenPomJarIdExtractor.java:37) ~[org.eclipse.recommenders.utils_1.0.5.v20130822-0858-b90.jar:na]
	at org.eclipse.recommenders.utils.archive.MavenPomJarIdExtractor.extract(MavenPomJarIdExtractor.java:29) ~[org.eclipse.recommenders.utils_1.0.5.v20130822-0858-b90.jar:na]
	at org.eclipse.recommenders.utils.archive.ArchiveDetailsExtractor.extractJarIds(ArchiveDetailsExtractor.java:64) [org.eclipse.recommenders.utils_1.0.5.v20130822-0858-b90.jar:na]
	at org.eclipse.recommenders.utils.archive.ArchiveDetailsExtractor.extractName(ArchiveDetailsExtractor.java:105) [org.eclipse.recommenders.utils_1.0.5.v20130822-0858-b90.jar:na]
	at org.eclipse.recommenders.internal.rcp.providers.ClasspathEntryInfoProvider$3.run(ClasspathEntryInfoProvider.java:245) [org.eclipse.recommenders.rcp_1.0.5.v20130822-0858-b90.jar:na]
	at java.util.concurrent.Executors$RunnableAdapter.call(Unknown Source) [na:1.8.0_11]
	at java.util.concurrent.FutureTask.run(Unknown Source) [na:1.8.0_11]
	at java.util.concurrent.ThreadPoolExecutor.runWorker(Unknown Source) [na:1.8.0_11]
	at java.util.concurrent.ThreadPoolExecutor$Worker.run(Unknown Source) [na:1.8.0_11]
	at java.lang.Thread.run(Unknown Source) [na:1.8.0_11]
2015-04-04 11:56:26,189 [main] INFO  c.n.h.c.p.n.NettyAsyncHttpProvider - Number of application's worked threads is 8
2015-04-06 11:46:02,489 [main] INFO  c.n.h.c.p.n.NettyAsyncHttpProvider - Number of application's worked threads is 8
2015-04-07 10:51:29,496 [main] INFO  c.n.h.c.p.n.NettyAsyncHttpProvider - Number of application's worked threads is 8
2015-04-08 11:10:43,926 [main] INFO  c.n.h.c.p.n.NettyAsyncHttpProvider - Number of application's worked threads is 8
2015-04-09 10:33:47,555 [main] INFO  c.n.h.c.p.n.NettyAsyncHttpProvider - Number of application's worked threads is 8
2015-04-11 12:07:04,521 [main] INFO  c.n.h.c.p.n.NettyAsyncHttpProvider - Number of application's worked threads is 8
2015-04-11 15:08:32,975 [main] INFO  c.n.h.c.p.n.NettyAsyncHttpProvider - Number of application's worked threads is 8
2015-04-13 12:10:32,983 [main] INFO  c.n.h.c.p.n.NettyAsyncHttpProvider - Number of application's worked threads is 8
2015-04-14 10:23:28,360 [main] INFO  c.n.h.c.p.n.NettyAsyncHttpProvider - Number of application's worked threads is 8
2015-04-15 11:26:07,102 [main] INFO  c.n.h.c.p.n.NettyAsyncHttpProvider - Number of application's worked threads is 8
2015-04-15 17:18:21,612 [pool-6-thread-1] INFO  c.n.h.c.p.n.NettyAsyncHttpProvider - Number of application's worked threads is 8
2015-04-15 17:18:24,156 [pool-8-thread-1] INFO  c.n.h.c.p.n.NettyAsyncHttpProvider - Number of application's worked threads is 8
2015-04-15 17:18:26,802 [pool-10-thread-1] INFO  c.n.h.c.p.n.NettyAsyncHttpProvider - Number of application's worked threads is 8
2015-04-16 12:32:55,342 [main] INFO  c.n.h.c.p.n.NettyAsyncHttpProvider - Number of application's worked threads is 8
2015-04-17 10:41:31,050 [main] INFO  c.n.h.c.p.n.NettyAsyncHttpProvider - Number of application's worked threads is 8
2015-04-18 10:32:07,429 [main] INFO  c.n.h.c.p.n.NettyAsyncHttpProvider - Number of application's worked threads is 8
2015-04-20 10:46:39,842 [main] INFO  c.n.h.c.p.n.NettyAsyncHttpProvider - Number of application's worked threads is 8
2015-04-21 13:05:25,501 [main] INFO  c.n.h.c.p.n.NettyAsyncHttpProvider - Number of application's worked threads is 8
2015-04-22 11:15:03,282 [main] INFO  c.n.h.c.p.n.NettyAsyncHttpProvider - Number of application's worked threads is 8
2015-04-22 16:51:14,891 [main] INFO  c.n.h.c.p.n.NettyAsyncHttpProvider - Number of application's worked threads is 8
2015-04-23 10:43:52,475 [main] INFO  c.n.h.c.p.n.NettyAsyncHttpProvider - Number of application's worked threads is 8
2015-04-24 11:15:40,349 [main] INFO  c.n.h.c.p.n.NettyAsyncHttpProvider - Number of application's worked threads is 8
2015-04-27 10:43:46,296 [main] INFO  c.n.h.c.p.n.NettyAsyncHttpProvider - Number of application's worked threads is 8
2015-04-28 15:37:38,444 [main] INFO  c.n.h.c.p.n.NettyAsyncHttpProvider - Number of application's worked threads is 8
2015-04-29 12:14:37,228 [main] INFO  c.n.h.c.p.n.NettyAsyncHttpProvider - Number of application's worked threads is 8
2015-05-04 17:31:00,263 [main] INFO  c.n.h.c.p.n.NettyAsyncHttpProvider - Number of application's worked threads is 8
